Base path: C:/Program Files/Unity/Editor/Data
Pipe name: \\.\pipe\UnityShaderCompiler-64bit-1-5924
Cmd: getPlatforms
Cmd: preprocess
  insize=8715 outsize=1452 ok=1
Cmd: compileSnippet
  api=4 type=0 insize=5112 outsize=1867 kw= pd= ok=1
Cmd: compileSnippet
  api=4 type=1 insize=5112 outsize=1542 kw= pd= ok=1
Cmd: compileSnippet
  api=4 type=0 insize=3365 outsize=1006 kw= pd= ok=1
Cmd: compileSnippet
  api=4 type=1 insize=3365 outsize=1249 kw= pd= ok=1
Cmd: compileSnippet
  api=4 type=0 insize=3461 outsize=1006 kw=DISTORT pd= ok=1
Cmd: compileSnippet
  api=4 type=1 insize=3461 outsize=1518 kw=DISTORT pd= ok=1
Cmd: compileSnippet
  api=4 type=0 insize=3600 outsize=1006 kw=VIGNETTE_CLASSIC pd= ok=1
Cmd: compileSnippet
  api=4 type=1 insize=3600 outsize=1404 kw=VIGNETTE_CLASSIC pd= ok=1
Cmd: compileSnippet
  api=4 type=0 insize=3465 outsize=1006 kw=DISTORT pd= ok=1
Cmd: compileSnippet
  api=4 type=1 insize=3465 outsize=2103 kw=DISTORT pd= ok=1
Cmd: compileSnippet
  api=4 type=0 insize=3563 outsize=1006 kw=VIGNETTE_CLASSIC pd= ok=1
Cmd: compileSnippet
  api=4 type=1 insize=3563 outsize=1948 kw=VIGNETTE_CLASSIC pd= ok=1
Cmd: compileSnippet
  api=4 type=0 insize=3659 outsize=1006 kw=DISTORT VIGNETTE_CLASSIC pd= ok=1
Cmd: compileSnippet
  api=4 type=1 insize=3659 outsize=2257 kw=DISTORT VIGNETTE_CLASSIC pd= ok=1
Cmd: compileSnippet
  api=4 type=0 insize=3706 outsize=1006 kw=DISTORT VIGNETTE_CLASSIC pd= ok=1
Cmd: compileSnippet
  api=4 type=1 insize=3706 outsize=2801 kw=DISTORT VIGNETTE_CLASSIC pd= ok=1
Cmd: preprocess
  insize=2889 outsize=353 ok=1
Cmd: compileSnippet
  api=4 type=0 insize=2843 outsize=1006 kw= pd= ok=1
Cmd: compileSnippet
  api=4 type=1 insize=2843 outsize=22293 kw= pd= ok=1
Cmd: preprocess
  insize=6213 outsize=1234 ok=1
Cmd: compileSnippet
  error: 2 plat 4 at (82): undeclared identifier 'unity_ObjectToWorld'\nCompiling Vertex program with WATER_EDGEBLEND_ON
  api=4 type=0 insize=5290 outsize=0 kw=WATER_EDGEBLEND_ON pd= ok=0
Cmd: preprocess
  insize=11419 outsize=2318 ok=1
Cmd: compileSnippet
  api=4 type=0 insize=3817 outsize=1006 kw= pd= ok=1
Cmd: compileSnippet
  api=4 type=1 insize=3817 outsize=526 kw= pd= ok=1
Cmd: compileSnippet
  api=4 type=0 insize=4338 outsize=1818 kw= pd= ok=1
Cmd: compileSnippet
  api=4 type=1 insize=4338 outsize=2972 kw= pd= ok=1
Cmd: compileSnippet
  api=4 type=0 insize=4340 outsize=1818 kw= pd= ok=1
Cmd: compileSnippet
  api=4 type=1 insize=4340 outsize=3386 kw= pd= ok=1
Cmd: compileSnippet
  api=4 type=0 insize=3958 outsize=1818 kw= pd= ok=1
Cmd: compileSnippet
  api=4 type=1 insize=3958 outsize=1509 kw= pd= ok=1
Cmd: compileSnippet
  api=4 type=0 insize=5490 outsize=1899 kw= pd= ok=1
Cmd: compileSnippet
  api=4 type=1 insize=5490 outsize=7928 kw= pd= ok=1
Cmd: compileSnippet
  api=4 type=0 insize=4616 outsize=1217 kw= pd= ok=1
Cmd: compileSnippet
  api=4 type=1 insize=4616 outsize=2428 kw= pd= ok=1
Cmd: compileSnippet
  api=4 type=0 insize=4456 outsize=1006 kw= pd= ok=1
Cmd: compileSnippet
  api=4 type=1 insize=4456 outsize=924 kw= pd= ok=1
Cmd: preprocess
  insize=2266 outsize=453 ok=1
Cmd: compileSnippet
  api=4 type=0 insize=2146 outsize=3118 kw=DIRECTIONAL SHADOWS_OFF LIGHTMAP_OFF DIRLIGHTMAP_OFF DYNAMICLIGHTMAP_OFF pd= ok=1
Cmd: compileSnippet
  api=4 type=1 insize=2146 outsize=941 kw=DIRECTIONAL SHADOWS_OFF LIGHTMAP_OFF DIRLIGHTMAP_OFF DYNAMICLIGHTMAP_OFF pd= ok=1
Cmd: preprocess
  insize=3806 outsize=2449 ok=1
Cmd: compileSnippet
  api=4 type=0 insize=442 outsize=1006 kw= pd= ok=1
Cmd: compileSnippet
  api=4 type=1 insize=442 outsize=7514 kw= pd= ok=1
Cmd: compileSnippet
  api=4 type=0 insize=449 outsize=1006 kw= pd= ok=1
Cmd: compileSnippet
  api=4 type=1 insize=449 outsize=7368 kw= pd= ok=1
Cmd: compileSnippet
  error: 2 plat 4 at AmbientOcclusion.cginc(123): undeclared identifier 'unity_WorldToCamera'\nCompiling Vertex program
  api=4 type=0 insize=444 outsize=0 kw= pd= ok=0
Cmd: preprocess
  insize=40482 outsize=2190 ok=1
Cmd: compileSnippet
  api=4 type=0 insize=36945 outsize=1314 kw= pd= ok=1
Cmd: compileSnippet
  api=4 type=1 insize=36945 outsize=12819 kw= pd= ok=1
Cmd: compileSnippet
  api=4 type=0 insize=36726 outsize=1314 kw= pd= ok=1
Cmd: compileSnippet
  api=4 type=1 insize=36726 outsize=4256 kw= pd= ok=1
Cmd: compileSnippet
  api=4 type=0 insize=36722 outsize=1314 kw= pd= ok=1
Cmd: compileSnippet
  api=4 type=1 insize=36722 outsize=10016 kw= pd= ok=1
Cmd: compileSnippet
  api=4 type=0 insize=36729 outsize=1314 kw= pd= ok=1
Cmd: compileSnippet
  api=4 type=1 insize=36729 outsize=20855 kw= pd= ok=1
Cmd: compileSnippet
  api=4 type=0 insize=36720 outsize=1314 kw= pd= ok=1
Cmd: compileSnippet
  api=4 type=1 insize=36720 outsize=1737 kw= pd= ok=1
Cmd: compileSnippet
  api=4 type=0 insize=36733 outsize=1314 kw= pd= ok=1
Cmd: compileSnippet
  api=4 type=1 insize=36733 outsize=1111 kw= pd= ok=1
Cmd: compileSnippet
  api=4 type=0 insize=36729 outsize=1314 kw= pd= ok=1
Cmd: compileSnippet
  api=4 type=1 insize=36729 outsize=892 kw= pd= ok=1
Cmd: compileSnippet
  api=4 type=0 insize=36727 outsize=1314 kw= pd= ok=1
Cmd: compileSnippet
  api=4 type=1 insize=36727 outsize=998 kw= pd= ok=1
Cmd: compileSnippet
  api=4 type=0 insize=36739 outsize=1314 kw= pd= ok=1
Cmd: compileSnippet
  api=4 type=1 insize=36739 outsize=2200 kw= pd= ok=1
Cmd: preprocess
  insize=3860 outsize=571 ok=1
Cmd: compileSnippet
  error: 2 plat 4 at (48): undeclared identifier 'unity_ObjectToWorld'\nCompiling Vertex program
  api=4 type=0 insize=3606 outsize=0 kw= pd= ok=0
Cmd: preprocess
  insize=10818 outsize=2321 ok=1
Cmd: compileSnippet
  api=4 type=0 insize=4966 outsize=1006 kw= pd= ok=1
Cmd: compileSnippet
  api=4 type=1 insize=4966 outsize=7213 kw= pd= ok=1
Cmd: compileSnippet
  api=4 type=0 insize=490 outsize=1006 kw= pd= ok=1
Cmd: compileSnippet
  api=4 type=1 insize=490 outsize=3565 kw= pd= ok=1
Cmd: compileSnippet
  api=4 type=0 insize=490 outsize=1006 kw= pd= ok=1
Cmd: compileSnippet
  api=4 type=1 insize=490 outsize=1461 kw= pd= ok=1
Cmd: compileSnippet
  api=4 type=0 insize=490 outsize=1006 kw= pd= ok=1
Cmd: compileSnippet
  api=4 type=1 insize=490 outsize=1461 kw= pd= ok=1
Cmd: compileSnippet
  api=4 type=0 insize=794 outsize=1006 kw= pd= ok=1
Cmd: compileSnippet
  api=4 type=1 insize=794 outsize=616 kw= pd= ok=1
Cmd: compileSnippet
  api=4 type=0 insize=835 outsize=1006 kw= pd= ok=1
Cmd: compileSnippet
  api=4 type=1 insize=835 outsize=1225 kw= pd= ok=1
Cmd: compileSnippet
  api=4 type=0 insize=836 outsize=1006 kw= pd= ok=1
Cmd: compileSnippet
  api=4 type=1 insize=836 outsize=1875 kw= pd= ok=1
Cmd: compileSnippet
  api=4 type=0 insize=836 outsize=1006 kw= pd= ok=1
Cmd: compileSnippet
  api=4 type=1 insize=836 outsize=1493 kw= pd= ok=1
Cmd: compileSnippet
  api=4 type=0 insize=842 outsize=1006 kw= pd= ok=1
Cmd: compileSnippet
  api=4 type=1 insize=842 outsize=1404 kw= pd= ok=1
Cmd: compileSnippet
  api=4 type=0 insize=843 outsize=1006 kw= pd= ok=1
Cmd: compileSnippet
  api=4 type=1 insize=843 outsize=908 kw= pd= ok=1
Cmd: compileSnippet
  api=4 type=0 insize=839 outsize=1006 kw= pd= ok=1
Cmd: compileSnippet
  api=4 type=1 insize=839 outsize=1444 kw= pd= ok=1
Cmd: compileSnippet
  api=4 type=0 insize=838 outsize=1006 kw= pd= ok=1
Cmd: compileSnippet
  api=4 type=1 insize=838 outsize=2159 kw= pd= ok=1
Cmd: compileSnippet
  api=4 type=0 insize=973 outsize=1006 kw= pd= ok=1
Cmd: compileSnippet
  api=4 type=1 insize=973 outsize=1184 kw= pd= ok=1
Cmd: preprocess
  insize=2965 outsize=462 ok=1
Cmd: compileSnippet
  api=4 type=0 insize=2774 outsize=1014 kw= pd= ok=1
Cmd: compileSnippet
  api=4 type=1 insize=2774 outsize=2241 kw= pd= ok=1
Cmd: compileSnippet
  api=4 type=0 insize=2770 outsize=1014 kw= pd= ok=1
Cmd: compileSnippet
  api=4 type=1 insize=2770 outsize=1875 kw= pd= ok=1
Cmd: preprocess
  insize=6213 outsize=520 ok=1
Cmd: compileSnippet
  api=4 type=0 insize=5964 outsize=1241 kw= pd= ok=1
Cmd: compileSnippet
  api=4 type=1 insize=5964 outsize=1509 kw= pd= ok=1
Cmd: compileSnippet
  api=4 type=0 insize=5966 outsize=1241 kw= pd= ok=1
Cmd: compileSnippet
  api=4 type=1 insize=5966 outsize=3906 kw= pd= ok=1
Cmd: preprocess
  insize=40460 outsize=6733 ok=1
Cmd: compileSnippet
  api=4 type=0 insize=31633 outsize=2663 kw= pd= ok=1
Cmd: compileSnippet
  api=4 type=1 insize=31633 outsize=4849 kw= pd= ok=1
Cmd: compileSnippet
  api=4 type=0 insize=31612 outsize=1314 kw= pd= ok=1
Cmd: compileSnippet
  api=4 type=1 insize=31612 outsize=1469 kw= pd= ok=1
Cmd: compileSnippet
  api=4 type=0 insize=31636 outsize=2663 kw= pd= ok=1
Cmd: compileSnippet
  api=4 type=1 insize=31636 outsize=3029 kw= pd= ok=1
Cmd: compileSnippet
  api=4 type=0 insize=31627 outsize=2663 kw= pd= ok=1
Cmd: compileSnippet
  api=4 type=1 insize=31627 outsize=3029 kw= pd= ok=1
Cmd: compileSnippet
  api=4 type=0 insize=31658 outsize=1323 kw= pd= ok=1
Cmd: compileSnippet
  api=4 type=1 insize=31658 outsize=3484 kw= pd= ok=1
Cmd: compileSnippet
  api=4 type=0 insize=31623 outsize=1241 kw= pd= ok=1
Cmd: compileSnippet
  api=4 type=1 insize=31623 outsize=1558 kw= pd= ok=1
Cmd: compileSnippet
  api=4 type=0 insize=31650 outsize=1249 kw= pd= ok=1
Cmd: compileSnippet
  api=4 type=1 insize=31650 outsize=2647 kw= pd= ok=1
Cmd: compileSnippet
  api=4 type=0 insize=31648 outsize=1249 kw= pd= ok=1
Cmd: compileSnippet
  api=4 type=1 insize=31648 outsize=6344 kw= pd= ok=1
Cmd: compileSnippet
  api=4 type=0 insize=31661 outsize=1249 kw= pd= ok=1
Cmd: compileSnippet
  api=4 type=1 insize=31661 outsize=7018 kw= pd= ok=1
Cmd: compileSnippet
  api=4 type=0 insize=31658 outsize=1249 kw= pd= ok=1
Cmd: compileSnippet
  api=4 type=1 insize=31658 outsize=6344 kw= pd= ok=1
Cmd: compileSnippet
  api=4 type=0 insize=31671 outsize=1249 kw= pd= ok=1
Cmd: compileSnippet
  api=4 type=1 insize=31671 outsize=7018 kw= pd= ok=1
Cmd: compileSnippet
  api=4 type=0 insize=31657 outsize=1014 kw= pd= ok=1
Cmd: compileSnippet
  api=4 type=1 insize=31657 outsize=5084 kw= pd= ok=1
Cmd: compileSnippet
  api=4 type=0 insize=31618 outsize=1241 kw= pd= ok=1
Cmd: compileSnippet
  api=4 type=1 insize=31618 outsize=5336 kw= pd= ok=1
Cmd: compileSnippet
  api=4 type=0 insize=31626 outsize=1241 kw= pd= ok=1
Cmd: compileSnippet
  api=4 type=1 insize=31626 outsize=5418 kw= pd= ok=1
Cmd: compileSnippet
  api=4 type=0 insize=31623 outsize=1241 kw= pd= ok=1
Cmd: compileSnippet
  api=4 type=1 insize=31623 outsize=5661 kw= pd= ok=1
Cmd: compileSnippet
  api=4 type=0 insize=31631 outsize=1241 kw= pd= ok=1
Cmd: compileSnippet
  api=4 type=1 insize=31631 outsize=5621 kw= pd= ok=1
Cmd: compileSnippet
  api=4 type=0 insize=31621 outsize=1241 kw= pd= ok=1
Cmd: compileSnippet
  api=4 type=1 insize=31621 outsize=5336 kw= pd= ok=1
Cmd: compileSnippet
  api=4 type=0 insize=31629 outsize=1241 kw= pd= ok=1
Cmd: compileSnippet
  api=4 type=1 insize=31629 outsize=5418 kw= pd= ok=1
Cmd: compileSnippet
  api=4 type=0 insize=31626 outsize=1241 kw= pd= ok=1
Cmd: compileSnippet
  api=4 type=1 insize=31626 outsize=5661 kw= pd= ok=1
Cmd: compileSnippet
  api=4 type=0 insize=31634 outsize=1241 kw= pd= ok=1
Cmd: compileSnippet
  api=4 type=1 insize=31634 outsize=5621 kw= pd= ok=1
Cmd: compileSnippet
  api=4 type=0 insize=31619 outsize=1241 kw= pd= ok=1
Cmd: compileSnippet
  api=4 type=1 insize=31619 outsize=5336 kw= pd= ok=1
Cmd: compileSnippet
  api=4 type=0 insize=31627 outsize=1241 kw= pd= ok=1
Cmd: compileSnippet
  api=4 type=1 insize=31627 outsize=5418 kw= pd= ok=1
Cmd: compileSnippet
  api=4 type=0 insize=31626 outsize=1241 kw= pd= ok=1
Cmd: compileSnippet
  api=4 type=1 insize=31626 outsize=5661 kw= pd= ok=1
Cmd: compileSnippet
  api=4 type=0 insize=31634 outsize=1241 kw= pd= ok=1
Cmd: compileSnippet
  api=4 type=1 insize=31634 outsize=5621 kw= pd= ok=1
Cmd: compileSnippet
  api=4 type=0 insize=31635 outsize=2663 kw= pd= ok=1
Cmd: compileSnippet
  api=4 type=1 insize=31635 outsize=4849 kw= pd= ok=1
Cmd: compileSnippet
  api=4 type=0 insize=31614 outsize=1314 kw= pd= ok=1
Cmd: compileSnippet
  api=4 type=1 insize=31614 outsize=1469 kw= pd= ok=1
Cmd: compileSnippet
  api=4 type=0 insize=31638 outsize=2663 kw= pd= ok=1
Cmd: compileSnippet
  api=4 type=1 insize=31638 outsize=3029 kw= pd= ok=1
Cmd: compileSnippet
  api=4 type=0 insize=31629 outsize=2663 kw= pd= ok=1
Cmd: compileSnippet
  api=4 type=1 insize=31629 outsize=3029 kw= pd= ok=1
Cmd: compileSnippet
  api=4 type=0 insize=31625 outsize=1314 kw= pd= ok=1
Cmd: compileSnippet
  api=4 type=1 insize=31625 outsize=5158 kw= pd= ok=1
Cmd: compileSnippet
  api=4 type=0 insize=31625 outsize=1241 kw= pd= ok=1
Cmd: compileSnippet
  api=4 type=1 insize=31625 outsize=1558 kw= pd= ok=1
Cmd: compileSnippet
  api=4 type=0 insize=31617 outsize=1241 kw= pd= ok=1
Cmd: compileSnippet
  api=4 type=1 insize=31617 outsize=2988 kw= pd= ok=1
Cmd: compileSnippet
  api=4 type=0 insize=31615 outsize=1241 kw= pd= ok=1
Cmd: compileSnippet
  api=4 type=1 insize=31615 outsize=6685 kw= pd= ok=1
Cmd: compileSnippet
  api=4 type=0 insize=31628 outsize=1241 kw= pd= ok=1
Cmd: compileSnippet
  api=4 type=1 insize=31628 outsize=7343 kw= pd= ok=1
Cmd: compileSnippet
  api=4 type=0 insize=31625 outsize=1241 kw= pd= ok=1
Cmd: compileSnippet
  api=4 type=1 insize=31625 outsize=6685 kw= pd= ok=1
Cmd: compileSnippet
  api=4 type=0 insize=31638 outsize=1241 kw= pd= ok=1
Cmd: compileSnippet
  api=4 type=1 insize=31638 outsize=7343 kw= pd= ok=1
Cmd: compileSnippet
  api=4 type=0 insize=31624 outsize=1006 kw= pd= ok=1
Cmd: compileSnippet
  api=4 type=1 insize=31624 outsize=2972 kw= pd= ok=1
Cmd: compileSnippet
  api=4 type=0 insize=31620 outsize=1241 kw= pd= ok=1
Cmd: compileSnippet
  api=4 type=1 insize=31620 outsize=5336 kw= pd= ok=1
Cmd: compileSnippet
  api=4 type=0 insize=31628 outsize=1241 kw= pd= ok=1
Cmd: compileSnippet
  api=4 type=1 insize=31628 outsize=5418 kw= pd= ok=1
Cmd: compileSnippet
  api=4 type=0 insize=31625 outsize=1241 kw= pd= ok=1
Cmd: compileSnippet
  api=4 type=1 insize=31625 outsize=5661 kw= pd= ok=1
Cmd: compileSnippet
  api=4 type=0 insize=31633 outsize=1241 kw= pd= ok=1
Cmd: compileSnippet
  api=4 type=1 insize=31633 outsize=5621 kw= pd= ok=1
Cmd: compileSnippet
  api=4 type=0 insize=31623 outsize=1241 kw= pd= ok=1
Cmd: compileSnippet
  api=4 type=1 insize=31623 outsize=5336 kw= pd= ok=1
Cmd: compileSnippet
  api=4 type=0 insize=31631 outsize=1241 kw= pd= ok=1
Cmd: compileSnippet
  api=4 type=1 insize=31631 outsize=5418 kw= pd= ok=1
Cmd: compileSnippet
  api=4 type=0 insize=31628 outsize=1241 kw= pd= ok=1
Cmd: compileSnippet
  api=4 type=1 insize=31628 outsize=5661 kw= pd= ok=1
Cmd: compileSnippet
  api=4 type=0 insize=31636 outsize=1241 kw= pd= ok=1
Cmd: compileSnippet
  api=4 type=1 insize=31636 outsize=5621 kw= pd= ok=1
Cmd: compileSnippet
  api=4 type=0 insize=31621 outsize=1241 kw= pd= ok=1
Cmd: compileSnippet
  api=4 type=1 insize=31621 outsize=5336 kw= pd= ok=1
Cmd: compileSnippet
  api=4 type=0 insize=31629 outsize=1241 kw= pd= ok=1
Cmd: compileSnippet
  api=4 type=1 insize=31629 outsize=5418 kw= pd= ok=1
Cmd: compileSnippet
  api=4 type=0 insize=31626 outsize=1241 kw= pd= ok=1
Cmd: compileSnippet
  api=4 type=1 insize=31626 outsize=5661 kw= pd= ok=1
Cmd: compileSnippet
  api=4 type=0 insize=31634 outsize=1241 kw= pd= ok=1
Cmd: compileSnippet
  api=4 type=1 insize=31634 outsize=5621 kw= pd= ok=1
Cmd: preprocess
  insize=6980 outsize=1059 ok=1
Cmd: compileSnippet
  api=4 type=0 insize=6040 outsize=1266 kw= pd= ok=1
Cmd: compileSnippet
  api=4 type=1 insize=6040 outsize=1672 kw= pd= ok=1
Cmd: compileSnippet
  api=4 type=4 insize=6040 outsize=3606 kw= pd= ok=1
Cmd: compileSnippet
  api=4 type=0 insize=5827 outsize=1534 kw= pd= ok=1
Cmd: compileSnippet
  api=4 type=1 insize=5827 outsize=3183 kw= pd= ok=1
Cmd: preprocess
  insize=3254 outsize=1967 ok=1
Cmd: compileSnippet
  api=4 type=0 insize=458 outsize=1006 kw= pd= ok=1
Cmd: compileSnippet
  api=4 type=1 insize=458 outsize=1607 kw= pd= ok=1
Cmd: compileSnippet
  api=4 type=0 insize=493 outsize=1006 kw= pd= ok=1
Cmd: compileSnippet
  api=4 type=1 insize=493 outsize=3386 kw= pd= ok=1
Cmd: compileSnippet
  api=4 type=0 insize=401 outsize=1006 kw= pd= ok=1
Cmd: compileSnippet
  api=4 type=1 insize=401 outsize=1388 kw= pd= ok=1
Cmd: compileSnippet
  api=4 type=0 insize=436 outsize=1006 kw= pd= ok=1
Cmd: compileSnippet
  api=4 type=1 insize=436 outsize=2728 kw= pd= ok=1
Cmd: compileSnippet
  api=4 type=0 insize=401 outsize=1006 kw= pd= ok=1
Cmd: compileSnippet
  api=4 type=1 insize=401 outsize=1388 kw= pd= ok=1
Cmd: compileSnippet
  api=4 type=0 insize=407 outsize=1314 kw= pd= ok=1
Cmd: compileSnippet
  api=4 type=1 insize=407 outsize=1696 kw= pd= ok=1
Cmd: compileSnippet
  api=4 type=0 insize=442 outsize=1314 kw= pd= ok=1
Cmd: compileSnippet
  api=4 type=1 insize=442 outsize=2899 kw= pd= ok=1
Cmd: compileSnippet
  api=4 type=0 insize=472 outsize=1314 kw= pd= ok=1
Cmd: compileSnippet
  api=4 type=1 insize=472 outsize=1761 kw= pd= ok=1
Cmd: compileSnippet
  api=4 type=0 insize=509 outsize=1314 kw= pd= ok=1
Cmd: compileSnippet
  api=4 type=1 insize=509 outsize=2964 kw= pd= ok=1
Cmd: compileCompute
  error: 2 plat 4 at HistogramCompute.compute(1): failed to open source file: 'UnityCG.cginc'
  api=4 insize=2664 outsize=61 ok=0
Cmd: compileCompute
  error: 2 plat 4 at HistogramCompute.compute(1): failed to open source file: 'UnityCG.cginc'
  api=4 insize=2664 outsize=61 ok=0
Cmd: compileCompute
  error: 2 plat 4 at HistogramCompute.compute(1): failed to open source file: 'UnityCG.cginc'
  api=15 insize=2664 outsize=61 ok=0
Cmd: compileCompute
  error: 2 plat 4 at HistogramCompute.compute(1): failed to open source file: 'UnityCG.cginc'
  api=9 insize=2664 outsize=61 ok=0
Cmd: compileCompute
  error: 2 plat 4 at HistogramCompute.compute(1): failed to open source file: 'UnityCG.cginc'
  api=4 insize=2664 outsize=61 ok=0
Cmd: compileSnippet
  api=4 type=0 insize=751 outsize=3533 kw=SHADOWS_DEPTH pd= ok=1
Cmd: compileSnippet
  api=4 type=1 insize=751 outsize=380 kw=SHADOWS_DEPTH pd= ok=1
Cmd: compileSnippet
  api=4 type=0 insize=982 outsize=3979 kw=DIRECTIONAL SHADOWS_OFF LIGHTMAP_OFF DIRLIGHTMAP_OFF DYNAMICLIGHTMAP_OFF pd= ok=1
Cmd: compileSnippet
  api=4 type=1 insize=982 outsize=10618 kw=DIRECTIONAL SHADOWS_OFF LIGHTMAP_OFF DIRLIGHTMAP_OFF DYNAMICLIGHTMAP_OFF pd= ok=1
Cmd: compileSnippet
  api=4 type=0 insize=938 outsize=4101 kw=DIRECTIONAL SHADOWS_OFF pd= ok=1
Cmd: compileSnippet
  api=4 type=1 insize=938 outsize=5515 kw=DIRECTIONAL SHADOWS_OFF pd= ok=1
Cmd: compileSnippet
  api=4 type=0 insize=751 outsize=3776 kw=SHADOWS_DEPTH _ALPHAPREMULTIPLY_ON pd= ok=1
Cmd: compileSnippet
  api=4 type=1 insize=751 outsize=1233 kw=SHADOWS_DEPTH _ALPHAPREMULTIPLY_ON pd= ok=1
Cmd: compileSnippet
  api=4 type=0 insize=982 outsize=3979 kw=DIRECTIONAL SHADOWS_OFF LIGHTMAP_OFF DIRLIGHTMAP_OFF DYNAMICLIGHTMAP_OFF _ALPHAPREMULTIPLY_ON pd= ok=1
Cmd: compileSnippet
  api=4 type=1 insize=982 outsize=10650 kw=DIRECTIONAL SHADOWS_OFF LIGHTMAP_OFF DIRLIGHTMAP_OFF DYNAMICLIGHTMAP_OFF _ALPHAPREMULTIPLY_ON pd= ok=1
Cmd: compileSnippet
  api=4 type=0 insize=938 outsize=4101 kw=DIRECTIONAL SHADOWS_OFF _ALPHAPREMULTIPLY_ON pd= ok=1
Cmd: compileSnippet
  api=4 type=1 insize=938 outsize=5669 kw=DIRECTIONAL SHADOWS_OFF _ALPHAPREMULTIPLY_ON pd= ok=1
Cmd: compileSnippet
  api=4 type=0 insize=982 outsize=3979 kw=DIRECTIONAL SHADOWS_OFF LIGHTMAP_OFF DIRLIGHTMAP_OFF DYNAMICLIGHTMAP_OFF _EMISSION pd= ok=1
Cmd: compileSnippet
  api=4 type=1 insize=982 outsize=10829 kw=DIRECTIONAL SHADOWS_OFF LIGHTMAP_OFF DIRLIGHTMAP_OFF DYNAMICLIGHTMAP_OFF _EMISSION pd= ok=1
Cmd: compileSnippet
  api=4 type=0 insize=13030 outsize=11024 kw=UNITY_COLORSPACE_GAMMA _SUNDISK_SIMPLE pd= ok=1
Cmd: compileSnippet
  api=4 type=1 insize=13030 outsize=1899 kw=UNITY_COLORSPACE_GAMMA _SUNDISK_SIMPLE pd= ok=1
Cmd: compileSnippet
  api=4 type=0 insize=541 outsize=3533 kw=SHADOWS_DEPTH pd= ok=1
Cmd: compileSnippet
  api=4 type=1 insize=541 outsize=453 kw=SHADOWS_DEPTH pd= ok=1
Cmd: compileSnippet
  api=4 type=0 insize=982 outsize=4337 kw=DIRECTIONAL SHADOWS_SCREEN LIGHTMAP_OFF DIRLIGHTMAP_OFF DYNAMICLIGHTMAP_OFF pd= ok=1
Cmd: compileSnippet
  api=4 type=1 insize=982 outsize=10926 kw=DIRECTIONAL SHADOWS_SCREEN LIGHTMAP_OFF DIRLIGHTMAP_OFF DYNAMICLIGHTMAP_OFF pd= ok=1
